<?xml version="1.0" encoding="UTF-8"?>
<testng-results skipped="0" failed="0" total="1" passed="1">
  <reporter-output>
  </reporter-output>
  <suite name="Default suite" duration-ms="63421" started-at="2020-02-13T07:40:00Z" finished-at="2020-02-13T07:41:03Z">
    <groups>
    </groups>
    <test name="Default test" duration-ms="63421" started-at="2020-02-13T07:40:00Z" finished-at="2020-02-13T07:41:03Z">
      <class name="com.axa.testscripts.PatientEnrollentTest">
        <test-method status="PASS" signature="initializeSuite()[pri:0, instance:com.axa.testscripts.PatientEnrollentTest@59af0466]" name="initializeSuite" is-config="true" duration-ms="8616" started-at="2020-02-13T13:09:51Z" finished-at="2020-02-13T13:10:00Z">
          <reporter-output>
          </reporter-output>
        </test-method> <!-- initializeSuite -->
        <test-method status="PASS" signature="beforeClass()[pri:0, instance:com.axa.testscripts.PatientEnrollentTest@59af0466]" name="beforeClass" is-config="true" duration-ms="1152" started-at="2020-02-13T13:10:00Z" finished-at="2020-02-13T13:10:01Z">
          <reporter-output>
          </reporter-output>
        </test-method> <!-- beforeClass -->
        <test-method status="PASS" signature="f()[pri:0, instance:com.axa.testscripts.PatientEnrollentTest@59af0466]" name="f" duration-ms="62222" started-at="2020-02-13T13:10:01Z" finished-at="2020-02-13T13:11:03Z">
          <reporter-output>
          </reporter-output>
        </test-method> <!-- f -->
        <test-method status="PASS" signature="afterClass()[pri:0, instance:com.axa.testscripts.PatientEnrollentTest@59af0466]" name="afterClass" is-config="true" duration-ms="0" started-at="2020-02-13T13:11:03Z" finished-at="2020-02-13T13:11:03Z">
          <reporter-output>
          </reporter-output>
        </test-method> <!-- afterClass -->
        <test-method status="PASS" signature="afterSuite()[pri:0, instance:com.axa.testscripts.PatientEnrollentTest@59af0466]" name="afterSuite" is-config="true" duration-ms="31" started-at="2020-02-13T13:11:03Z" finished-at="2020-02-13T13:11:03Z">
          <reporter-output>
          </reporter-output>
        </test-method> <!-- afterSuite -->
        <test-method status="PASS" signature="broswerClose()[pri:0, instance:com.axa.testscripts.PatientEnrollentTest@59af0466]" name="broswerClose" is-config="true" duration-ms="4102" started-at="2020-02-13T13:11:03Z" finished-at="2020-02-13T13:11:07Z">
          <reporter-output>
          </reporter-output>
        </test-method> <!-- broswerClose -->
      </class> <!-- com.axa.testscripts.PatientEnrollentTest -->
    </test> <!-- Default test -->
  </suite> <!-- Default suite -->
</testng-results>
